<?xml version="1.0" encoding="UTF-8"?>
<!-- Generated by org.testng.reporters.JUnitReportReporter -->
<testsuite skipped="0" hostname="DESKTOP-DRIE18L" name="org.fileupload.FileUpload" tests="1" failures="0" timestamp="28 May 2021 10:16:06 GMT" time="0.753" errors="0">
  <testcase name="begining" time="0.753" classname="org.fileupload.FileUpload"/>
</testsuite> <!-- org.fileupload.FileUpload -->
