<?xml version="1.0" encoding="UTF-8"?>
<!-- Generated by org.testng.reporters.JUnitReportReporter -->
<testsuite skipped="0" hostname="DESKTOP-DRIE18L" name="org.groupingassert.AssertGrouping" tests="5" failures="0" timestamp="18 May 2021 09:26:07 GMT" time="0.109" errors="0">
  <testcase name="tc6" time="0.016" classname="org.groupingassert.AssertGrouping"/>
  <testcase name="tc7" time="0.015" classname="org.groupingassert.AssertGrouping"/>
  <testcase name="tc4" time="0.015" classname="org.groupingassert.AssertGrouping"/>
  <testcase name="tc1" time="0.047" classname="org.groupingassert.AssertGrouping"/>
  <testcase name="tc3" time="0.016" classname="org.groupingassert.AssertGrouping"/>
</testsuite> <!-- org.groupingassert.AssertGrouping -->
