<?xml version="1.0" encoding="UTF-8"?>
<!-- Generated by org.testng.reporters.JUnitReportReporter -->
<testsuite skipped="0" hostname="DESKTOP-DRIE18L" name="org.threading.Threading" tests="6" failures="0" timestamp="12 May 2021 15:16:12 GMT" time="0.136" errors="0">
  <testcase name="tc2" time="0.021" classname="org.threading.Threading"/>
  <testcase name="tc3" time="0.019" classname="org.threading.Threading"/>
  <testcase name="tc1" time="0.020" classname="org.threading.Threading"/>
  <testcase name="tc4" time="0.028" classname="org.threading.Threading"/>
  <testcase name="tc6" time="0.022" classname="org.threading.Threading"/>
  <testcase name="tc5" time="0.026" classname="org.threading.Threading"/>
</testsuite> <!-- org.threading.Threading -->
