<?xml version="1.0" encoding="UTF-8"?>
<!-- Generated by org.testng.reporters.JUnitReportReporter -->
<testsuite skipped="0" hostname="DESKTOP-DRIE18L" name="org.login.FacebookLogin" tests="3" failures="0" timestamp="18 May 2021 09:39:48 GMT" time="63.199" errors="0">
  <testcase name="name" time="29.441" classname="org.login.FacebookLogin"/>
  <testcase name="name" time="16.664" classname="org.login.FacebookLogin"/>
  <testcase name="name" time="17.094" classname="org.login.FacebookLogin"/>
</testsuite> <!-- org.login.FacebookLogin -->
