<?xml version="1.0" encoding="UTF-8"?>
<!-- Generated by org.testng.reporters.JUnitReportReporter -->
<testsuite skipped="1" hostname="DESKTOP-DRIE18L" name="org.vehicle.Car" tests="5" failures="0" timestamp="12 May 2021 13:47:47 GMT" time="0.018" errors="0">
  <testcase name="tc5" time="0.003" classname="org.vehicle.Car"/>
  <testcase name="tc9" time="0.008" classname="org.vehicle.Car"/>
  <testcase name="tc8" time="0.001" classname="org.vehicle.Car"/>
  <testcase name="tc6" time="0.006" classname="org.vehicle.Car"/>
  <testcase name="tc7" classname="org.vehicle.Car">
    <skipped/>
  </testcase> <!-- tc7 -->
</testsuite> <!-- org.vehicle.Car -->
