<?xml version="1.0" encoding="UTF-8"?>
<!-- Generated by org.testng.reporters.JUnitReportReporter -->
<testsuite skipped="0" hostname="DESKTOP-DRIE18L" name="org.vehicle.Bike1" tests="4" failures="0" timestamp="12 May 2021 13:47:47 GMT" time="0.016" errors="0">
  <testcase name="tc1" time="0.009" classname="org.vehicle.Bike1"/>
  <testcase name="tc2" time="0.003" classname="org.vehicle.Bike1"/>
  <testcase name="tc3" time="0.002" classname="org.vehicle.Bike1"/>
  <testcase name="tc4" time="0.002" classname="org.vehicle.Bike1"/>
</testsuite> <!-- org.vehicle.Bike1 -->
