<?xml version="1.0" encoding="UTF-8"?>
<!-- Generated by org.testng.reporters.JUnitReportReporter -->
<testsuite skipped="0" hostname="DESKTOP-DRIE18L" name="org.threading.Threading1" tests="6" failures="0" timestamp="12 May 2021 15:16:12 GMT" time="0.127" errors="0">
  <testcase name="tc33" time="0.020" classname="org.threading.Threading1"/>
  <testcase name="tc44" time="0.023" classname="org.threading.Threading1"/>
  <testcase name="tc66" time="0.019" classname="org.threading.Threading1"/>
  <testcase name="tc22" time="0.021" classname="org.threading.Threading1"/>
  <testcase name="tc11" time="0.025" classname="org.threading.Threading1"/>
  <testcase name="tc55" time="0.019" classname="org.threading.Threading1"/>
</testsuite> <!-- org.threading.Threading1 -->
